EncryptionManager.generateSalt() called
  Salt array created: [-100, 57, -107, -91, 44, -18, 97, -32, -2, -69, 114, 24, -106, -97, -45, -65]
  Salt Base64: nDmVpSzuYeD+u3IYlp/Tvw==
Salt from handler: [0, 0, 0, 0, 0, 0, 0, 0, 0, 0, 0, 0, 0, 0, 0, 0]
Salt Base64: AAAAAAAAAAAAAAAAAAAAAA==
Salt read back from settings: AAAAAAAAAAAAAAAAAAAAAA==
applySettings called
enable=false, currentEnc=true
User tried to disable encryption
applySettings called
enable=true, currentEnc=true
No encryption changes
Saving settings, reminder=Fritiof punkt
saveSettings called, path=C:\Users\johanand\loghog_settings.properties
Settings saved successfully.
About to show toast
Toast shown
Settings saved successfully.
Settings saved successfully.
Settings saved successfully.
